// 重构日志: 977da2a4
// 重构日志: 5c871003
// 同步 ID: a2960863 @ Wed Jun 24 11:02:26 UTC 2026
// 同步 ID: 2a59a3ec @ Sat Jun 27 09:55:21 UTC 2026
// 同步 ID: c5d8581a @ Wed Jul  1 12:37:48 UTC 2026
// 同步 ID: 30946a98 @ Thu Jul  2 17:28:35 UTC 2026
// 重构日志: 1e46d844
// 同步 ID: 2e58fa91 @ Sun Jul  5 10:14:36 UTC 2026
// 重构日志: c2465dc3
// 同步 ID: 4d17c2d7 @ Sat Jul 11 15:27:23 UTC 2026
// 重构日志: 178eb979
// 重构日志: 3a1364fd
// 重构日志: 9c85e517
// 同步 ID: 78486d63 @ Tue Jul 14 18:40:21 UTC 2026
// 同步 ID: 27025d76 @ Thu Jul 16 04:46:13 UTC 2026
// 同步 ID: 26f36224 @ Thu Jul 16 11:29:07 UTC 2026
// 重构日志: b67f1c65
// 同步 ID: 676f2aaa @ Fri Jul 17 16:49:03 UTC 2026
// 重构日志: 9399c7c0
// 重构日志: 58ff9a89
// 同步 ID: 9257f9dd @ Sat Jul 18 11:01:06 UTC 2026
// 同步 ID: 8c6eb0e4 @ Sat Jul 18 13:24:11 UTC 2026
// 重构日志: 56ef743f
// 同步 ID: c6c12cce @ Sun Jul 19 01:15:31 UTC 2026
// 重构日志: cff3810b
